Assembler report for SCOMP
<<<<<<< Updated upstream
Wed Mar 05 10:04:07 2025
=======
Mon Apr 14 11:55:55 2025
>>>>>>> Stashed changes
Quartus Prime Version 20.1.0 Build 711 06/05/2020 SJ Lite Edition


---------------------
; Table of Contents ;
---------------------
  1. Legal Notice
  2. Assembler Summary
  3. Assembler Settings
  4. Assembler Generated Files
  5. Assembler Device Options: C:/Users/john4/Documents/ECE 2031/Lab 8/SCOMP_Lab8_Spring25/SCOMP_Lab8_Fall24/output_files/SCOMP.sof
  6. Assembler Messages



----------------
; Legal Notice ;
----------------
Copyright (C) 2020  Intel Corporation. All rights reserved.
Your use of Intel Corporation's design tools, logic functions 
and other software and tools, and any partner logic 
functions, and any output files from any of the foregoing 
(including device programming or simulation files), and any 
associated documentation or information are expressly subject 
to the terms and conditions of the Intel Program License 
Subscription Agreement, the Intel Quartus Prime License Agreement,
the Intel FPGA IP License Agreement, or other applicable license
agreement, including, without limitation, that your use is for
the sole purpose of programming logic devices manufactured by
Intel and sold by Intel or its authorized distributors.  Please
refer to the applicable agreement for further details, at
https://fpgasoftware.intel.com/eula.



+---------------------------------------------------------------+
; Assembler Summary                                             ;
+-----------------------+---------------------------------------+
<<<<<<< Updated upstream
; Assembler Status      ; Successful - Wed Mar 05 10:04:07 2025 ;
=======
; Assembler Status      ; Successful - Mon Apr 14 11:55:55 2025 ;
>>>>>>> Stashed changes
; Revision Name         ; SCOMP                                 ;
; Top-level Entity Name ; SCOMP_System                          ;
; Family                ; Cyclone V                             ;
; Device                ; 5CSXFC6D6F31C6                        ;
+-----------------------+---------------------------------------+


+----------------------------------+
; Assembler Settings               ;
+--------+---------+---------------+
; Option ; Setting ; Default Value ;
+--------+---------+---------------+


+------------------------------------------------------------------------------------------------------+
; Assembler Generated Files                                                                            ;
+------------------------------------------------------------------------------------------------------+
; File Name                                                                                            ;
+------------------------------------------------------------------------------------------------------+
; C:/Users/john4/Documents/ECE 2031/Lab 8/SCOMP_Lab8_Spring25/SCOMP_Lab8_Fall24/output_files/SCOMP.sof ;
+------------------------------------------------------------------------------------------------------+


<<<<<<< Updated upstream
+--------------------------------------------------------------------------------------------------------------------------------+
; Assembler Device Options: C:/Users/john4/Documents/ECE 2031/Lab 8/SCOMP_Lab8_Spring25/SCOMP_Lab8_Fall24/output_files/SCOMP.sof ;
+----------------+---------------------------------------------------------------------------------------------------------------+
; Option         ; Setting                                                                                                       ;
+----------------+---------------------------------------------------------------------------------------------------------------+
; JTAG usercode  ; 0x00CE6969                                                                                                    ;
; Checksum       ; 0x00CE6969                                                                                                    ;
+----------------+---------------------------------------------------------------------------------------------------------------+
=======
+----------------------------------------------------------------+
; Assembler Generated Files                                      ;
+----------------------------------------------------------------+
; File Name                                                      ;
+----------------------------------------------------------------+
; C:/Users/john4/Documents/Github/ECE2031/output_files/SCOMP.sof ;
+----------------------------------------------------------------+


+------------------------------------------------------------------------------------------+
; Assembler Device Options: C:/Users/john4/Documents/Github/ECE2031/output_files/SCOMP.sof ;
+----------------+-------------------------------------------------------------------------+
; Option         ; Setting                                                                 ;
+----------------+-------------------------------------------------------------------------+
; JTAG usercode  ; 0x00E2B2CB                                                              ;
; Checksum       ; 0x00E2B2CB                                                              ;
+----------------+-------------------------------------------------------------------------+
>>>>>>> Stashed changes


+--------------------+
; Assembler Messages ;
+--------------------+
Info: *******************************************************************
Info: Running Quartus Prime Assembler
    Info: Version 20.1.0 Build 711 06/05/2020 SJ Lite Edition
<<<<<<< Updated upstream
    Info: Processing started: Wed Mar 05 10:03:59 2025
Info: Command: quartus_asm --read_settings_files=off --write_settings_files=off SCOMP -c SCOMP
Info (115030): Assembler is generating device programming files
Info: Quartus Prime Assembler was successful. 0 errors, 0 warnings
    Info: Peak virtual memory: 4850 megabytes
    Info: Processing ended: Wed Mar 05 10:04:07 2025
    Info: Elapsed time: 00:00:08
    Info: Total CPU time (on all processors): 00:00:08
=======
    Info: Processing started: Mon Apr 14 11:55:46 2025
Info: Command: quartus_asm --read_settings_files=off --write_settings_files=off SCOMP -c SCOMP
Info (115030): Assembler is generating device programming files
Info: Quartus Prime Assembler was successful. 0 errors, 0 warnings
    Info: Peak virtual memory: 4858 megabytes
    Info: Processing ended: Mon Apr 14 11:55:55 2025
    Info: Elapsed time: 00:00:09
    Info: Total CPU time (on all processors): 00:00:09
>>>>>>> Stashed changes


