EDA Netlist Writer report for SCOMP
<<<<<<< Updated upstream
Wed Mar 05 10:04:21 2025
=======
Mon Apr 14 11:56:15 2025
>>>>>>> Stashed changes
Quartus Prime Version 20.1.0 Build 711 06/05/2020 SJ Lite Edition


---------------------
; Table of Contents ;
---------------------
  1. Legal Notice
  2. EDA Netlist Writer Summary
  3. Simulation Settings
  4. Simulation Generated Files
  5. EDA Netlist Writer Messages



----------------
; Legal Notice ;
----------------
Copyright (C) 2020  Intel Corporation. All rights reserved.
Your use of Intel Corporation's design tools, logic functions 
and other software and tools, and any partner logic 
functions, and any output files from any of the foregoing 
(including device programming or simulation files), and any 
associated documentation or information are expressly subject 
to the terms and conditions of the Intel Program License 
Subscription Agreement, the Intel Quartus Prime License Agreement,
the Intel FPGA IP License Agreement, or other applicable license
agreement, including, without limitation, that your use is for
the sole purpose of programming logic devices manufactured by
Intel and sold by Intel or its authorized distributors.  Please
refer to the applicable agreement for further details, at
https://fpgasoftware.intel.com/eula.



+-------------------------------------------------------------------+
; EDA Netlist Writer Summary                                        ;
+---------------------------+---------------------------------------+
<<<<<<< Updated upstream
; EDA Netlist Writer Status ; Successful - Wed Mar 05 10:04:21 2025 ;
=======
; EDA Netlist Writer Status ; Successful - Mon Apr 14 11:56:15 2025 ;
>>>>>>> Stashed changes
; Revision Name             ; SCOMP                                 ;
; Top-level Entity Name     ; SCOMP_System                          ;
; Family                    ; Cyclone V                             ;
; Simulation Files Creation ; Successful                            ;
+---------------------------+---------------------------------------+


+-------------------------------------------------------------------------------------------------------------------------------+
; Simulation Settings                                                                                                           ;
+---------------------------------------------------------------------------------------------------+---------------------------+
; Option                                                                                            ; Setting                   ;
+---------------------------------------------------------------------------------------------------+---------------------------+
; Tool Name                                                                                         ; ModelSim-Altera (Verilog) ;
; Generate functional simulation netlist                                                            ; On                        ;
; Truncate long hierarchy paths                                                                     ; Off                       ;
; Map illegal HDL characters                                                                        ; Off                       ;
; Flatten buses into individual nodes                                                               ; Off                       ;
; Maintain hierarchy                                                                                ; Off                       ;
; Bring out device-wide set/reset signals as ports                                                  ; Off                       ;
; Enable glitch filtering                                                                           ; Off                       ;
; Do not write top level VHDL entity                                                                ; Off                       ;
; Disable detection of setup and hold time violations in the input registers of bi-directional pins ; Off                       ;
; Architecture name in VHDL output netlist                                                          ; structure                 ;
; Generate third-party EDA tool command script for RTL functional simulation                        ; Off                       ;
; Generate third-party EDA tool command script for gate-level simulation                            ; Off                       ;
+---------------------------------------------------------------------------------------------------+---------------------------+


+------------------------------------------------------------------------------------------------------------+
; Simulation Generated Files                                                                                 ;
+------------------------------------------------------------------------------------------------------------+
; Generated Files                                                                                            ;
+------------------------------------------------------------------------------------------------------------+
; C:/Users/john4/Documents/ECE 2031/Lab 8/SCOMP_Lab8_Spring25/SCOMP_Lab8_Fall24/simulation/modelsim/SCOMP.vo ;
+------------------------------------------------------------------------------------------------------------+


+-----------------------------+
; EDA Netlist Writer Messages ;
+-----------------------------+
Info: *******************************************************************
Info: Running Quartus Prime EDA Netlist Writer
    Info: Version 20.1.0 Build 711 06/05/2020 SJ Lite Edition
<<<<<<< Updated upstream
    Info: Processing started: Wed Mar 05 10:04:19 2025
=======
    Info: Processing started: Mon Apr 14 11:56:11 2025
>>>>>>> Stashed changes
Info: Command: quartus_eda --read_settings_files=off --write_settings_files=off SCOMP -c SCOMP
Info (204019): Generated file SCOMP.vo in folder "C:/Users/john4/Documents/ECE 2031/Lab 8/SCOMP_Lab8_Spring25/SCOMP_Lab8_Fall24/simulation/modelsim/" for EDA simulation tool
Info: Quartus Prime EDA Netlist Writer was successful. 0 errors, 0 warnings
<<<<<<< Updated upstream
    Info: Peak virtual memory: 4838 megabytes
    Info: Processing ended: Wed Mar 05 10:04:21 2025
    Info: Elapsed time: 00:00:02
    Info: Total CPU time (on all processors): 00:00:02
=======
    Info: Peak virtual memory: 4848 megabytes
    Info: Processing ended: Mon Apr 14 11:56:15 2025
    Info: Elapsed time: 00:00:04
    Info: Total CPU time (on all processors): 00:00:04
>>>>>>> Stashed changes


